<?xml version="1.0" encoding="UTF-8"?>
<!-- Generated by org.testng.reporters.JUnitXMLReporter -->
<testsuite ignored="0" hostname="Devadirajan" failures="1" tests="5" name="Surefire test" time="58.066" errors="0" timestamp="2025-05-16T15:42:02 IST">
  <testcase classname="FrameWorkTraining.Tests.ErrorValidationsTest" name="loginError" time="0.351">
    <failure type="java.lang.AssertionError" message="expected [Incorrect email or password.] but found []">
      <![CDATA[java.lang.AssertionError: expected [Incorrect email or password.] but found []
at FrameWorkTraining.Tests.ErrorValidationsTest.loginError(ErrorValidationsTest.java:20)
at java.base/java.util.ArrayList.forEach(ArrayList.java:1596)
... Removed 36 stack frames]]>
    </failure>
  </testcase> <!-- loginError -->
  <testcase classname="FrameWorkTraining.Tests.ErrorValidationsTest" name="productCatalogueValidation" time="4.064"/>
  <testcase classname="FrameWorkTraining.Tests.SubmitOrderTest" name="Submit1_Order" time="5.061"/>
  <testcase classname="FrameWorkTraining.Tests.SubmitOrderTest" name="Submit_Order" time="5.045"/>
  <testcase classname="FrameWorkTraining.Tests.SubmitOrderTest" name="orderHistoryTest" time="0.644"/>
</testsuite> <!-- Surefire test -->
